{"E:\\STUDI INDEPENDEN\\github\\vue_raihan-erlianti\\16_Vue Quality Control\\praktikum\\src\\utils\\index.js": {"path":"E:\\STUDI INDEPENDEN\\github\\vue_raihan-erlianti\\16_Vue Quality Control\\praktikum\\src\\utils\\index.js","statementMap":{"0":{"start":{"line":1,"column":27},"end":{"line":3,"column":1}},"1":{"start":{"line":2,"column":2},"end":{"line":2,"column":36}},"2":{"start":{"line":5,"column":27},"end":{"line":7,"column":1}},"3":{"start":{"line":6,"column":2},"end":{"line":6,"column":36}},"4":{"start":{"line":9,"column":25},"end":{"line":11,"column":1}},"5":{"start":{"line":10,"column":2},"end":{"line":10,"column":36}},"6":{"start":{"line":13,"column":25},"end":{"line":15,"column":1}},"7":{"start":{"line":14,"column":2},"end":{"line":14,"column":36}},"8":{"start":{"line":17,"column":24},"end":{"line":28,"column":1}},"9":{"start":{"line":24,"column":2},"end":{"line":27,"column":4}},"10":{"start":{"line":30,"column":24},"end":{"line":32,"column":1}},"11":{"start":{"line":31,"column":2},"end":{"line":31,"column":36}},"12":{"start":{"line":34,"column":27},"end":{"line":36,"column":1}},"13":{"start":{"line":35,"column":2},"end":{"line":35,"column":21}},"14":{"start":{"line":38,"column":29},"end":{"line":46,"column":1}},"15":{"start":{"line":39,"column":2},"end":{"line":45,"column":3}},"16":{"start":{"line":40,"column":4},"end":{"line":40,"column":38}},"17":{"start":{"line":41,"column":9},"end":{"line":45,"column":3}},"18":{"start":{"line":42,"column":4},"end":{"line":42,"column":42}},"19":{"start":{"line":44,"column":4},"end":{"line":44,"column":38}},"20":{"start":{"line":48,"column":25},"end":{"line":50,"column":1}},"21":{"start":{"line":49,"column":2},"end":{"line":49,"column":25}},"22":{"start":{"line":52,"column":27},"end":{"line":54,"column":1}},"23":{"start":{"line":53,"column":2},"end":{"line":53,"column":28}}},"fnMap":{"0":{"name":"(anonymous_0)","decl":{"start":{"line":1,"column":27},"end":{"line":1,"column":28}},"loc":{"start":{"line":1,"column":58},"end":{"line":3,"column":1}},"line":1},"1":{"name":"(anonymous_1)","decl":{"start":{"line":5,"column":27},"end":{"line":5,"column":28}},"loc":{"start":{"line":5,"column":58},"end":{"line":7,"column":1}},"line":5},"2":{"name":"(anonymous_2)","decl":{"start":{"line":9,"column":25},"end":{"line":9,"column":26}},"loc":{"start":{"line":9,"column":56},"end":{"line":11,"column":1}},"line":9},"3":{"name":"(anonymous_3)","decl":{"start":{"line":13,"column":25},"end":{"line":13,"column":26}},"loc":{"start":{"line":13,"column":56},"end":{"line":15,"column":1}},"line":13},"4":{"name":"(anonymous_4)","decl":{"start":{"line":17,"column":24},"end":{"line":17,"column":25}},"loc":{"start":{"line":23,"column":5},"end":{"line":28,"column":1}},"line":23},"5":{"name":"(anonymous_5)","decl":{"start":{"line":30,"column":24},"end":{"line":30,"column":25}},"loc":{"start":{"line":30,"column":55},"end":{"line":32,"column":1}},"line":30},"6":{"name":"(anonymous_6)","decl":{"start":{"line":34,"column":27},"end":{"line":34,"column":28}},"loc":{"start":{"line":34,"column":37},"end":{"line":36,"column":1}},"line":34},"7":{"name":"(anonymous_7)","decl":{"start":{"line":38,"column":29},"end":{"line":38,"column":30}},"loc":{"start":{"line":38,"column":48},"end":{"line":46,"column":1}},"line":38},"8":{"name":"(anonymous_8)","decl":{"start":{"line":48,"column":25},"end":{"line":48,"column":26}},"loc":{"start":{"line":48,"column":35},"end":{"line":50,"column":1}},"line":48},"9":{"name":"(anonymous_9)","decl":{"start":{"line":52,"column":27},"end":{"line":52,"column":28}},"loc":{"start":{"line":52,"column":37},"end":{"line":54,"column":1}},"line":52}},"branchMap":{"0":{"loc":{"start":{"line":39,"column":2},"end":{"line":45,"column":3}},"type":"if","locations":[{"start":{"line":39,"column":2},"end":{"line":45,"column":3}},{"start":{"line":39,"column":2},"end":{"line":45,"column":3}}],"line":39},"1":{"loc":{"start":{"line":41,"column":9},"end":{"line":45,"column":3}},"type":"if","locations":[{"start":{"line":41,"column":9},"end":{"line":45,"column":3}},{"start":{"line":41,"column":9},"end":{"line":45,"column":3}}],"line":41}},"s":{"0":1,"1":3,"2":1,"3":3,"4":1,"5":3,"6":1,"7":3,"8":1,"9":3,"10":1,"11":3,"12":1,"13":3,"14":1,"15":3,"16":1,"17":2,"18":1,"19":1,"20":1,"21":3,"22":1,"23":3},"f":{"0":3,"1":3,"2":3,"3":3,"4":3,"5":3,"6":3,"7":3,"8":3,"9":3},"b":{"0":[1,2],"1":[1,1]},"_coverageSchema":"43e27e138ebf9cfc5966b082cf9a028302ed4184","hash":"bf55b16eabffe65c4d4cd4e220c34c27ae88951b"}
}
