TN:
SF:E:\STUDI INDEPENDEN\github\vue_raihan-erlianti\16_Vue Quality Control\praktikum\src\utils\index.js
FN:1,(anonymous_0)
FN:5,(anonymous_1)
FN:9,(anonymous_2)
FN:13,(anonymous_3)
FN:17,(anonymous_4)
FN:30,(anonymous_5)
FN:34,(anonymous_6)
FN:38,(anonymous_7)
FN:48,(anonymous_8)
FN:52,(anonymous_9)
FNF:10
FNH:10
FNDA:3,(anonymous_0)
FNDA:3,(anonymous_1)
FNDA:3,(anonymous_2)
FNDA:3,(anonymous_3)
FNDA:3,(anonymous_4)
FNDA:3,(anonymous_5)
FNDA:3,(anonymous_6)
FNDA:3,(anonymous_7)
FNDA:3,(anonymous_8)
FNDA:3,(anonymous_9)
DA:1,1
DA:2,3
DA:5,1
DA:6,3
DA:9,1
DA:10,3
DA:13,1
DA:14,3
DA:17,1
DA:24,3
DA:30,1
DA:31,3
DA:34,1
DA:35,3
DA:38,1
DA:39,3
DA:40,1
DA:41,2
DA:42,1
DA:44,1
DA:48,1
DA:49,3
DA:52,1
DA:53,3
LF:24
LH:24
BRDA:39,0,0,1
BRDA:39,0,1,2
BRDA:41,1,0,1
BRDA:41,1,1,1
BRF:4
BRH:4
end_of_record
